[26-Oct-2024 16:32:39 UTC] Xdebug: [Config] The setting 'xdebug.remote_enable' has been renamed, see the upgrading guide at https://xdebug.org/docs/upgrade_guide#changed-xdebug.remote_enable (See: https://xdebug.org/docs/errors#CFG-C-CHANGED)
[26-Oct-2024 16:32:39 UTC] Xdebug: [Config] The setting 'xdebug.remote_enable' has been renamed, see the upgrading guide at https://xdebug.org/docs/upgrade_guide#changed-xdebug.remote_enable (See: https://xdebug.org/docs/errors#CFG-C-CHANGED)
[26-Oct-2024 16:32:39 UTC] Xdebug: [Config] The setting 'xdebug.remote_host' has been renamed, see the upgrading guide at https://xdebug.org/docs/upgrade_guide#changed-xdebug.remote_host (See: https://xdebug.org/docs/errors#CFG-C-CHANGED)
[26-Oct-2024 16:32:39 UTC] Xdebug: [Config] The setting 'xdebug.remote_mode' has been renamed, see the upgrading guide at https://xdebug.org/docs/upgrade_guide#changed-xdebug.remote_mode (See: https://xdebug.org/docs/errors#CFG-C-CHANGED)
[26-Oct-2024 16:32:39 UTC] Xdebug: [Config] The setting 'xdebug.remote_port' has been renamed, see the upgrading guide at https://xdebug.org/docs/upgrade_guide#changed-xdebug.remote_port (See: https://xdebug.org/docs/errors#CFG-C-CHANGED)
[26-Oct-2024 16:33:03 UTC] Xdebug: [Config] The setting 'xdebug.remote_enable' has been renamed, see the upgrading guide at https://xdebug.org/docs/upgrade_guide#changed-xdebug.remote_enable (See: https://xdebug.org/docs/errors#CFG-C-CHANGED)
[26-Oct-2024 16:33:03 UTC] Xdebug: [Config] The setting 'xdebug.remote_host' has been renamed, see the upgrading guide at https://xdebug.org/docs/upgrade_guide#changed-xdebug.remote_host (See: https://xdebug.org/docs/errors#CFG-C-CHANGED)
[26-Oct-2024 16:33:03 UTC] Xdebug: [Config] The setting 'xdebug.remote_mode' has been renamed, see the upgrading guide at https://xdebug.org/docs/upgrade_guide#changed-xdebug.remote_mode (See: https://xdebug.org/docs/errors#CFG-C-CHANGED)
[26-Oct-2024 16:33:03 UTC] Xdebug: [Config] The setting 'xdebug.remote_port' has been renamed, see the upgrading guide at https://xdebug.org/docs/upgrade_guide#changed-xdebug.remote_port (See: https://xdebug.org/docs/errors#CFG-C-CHANGED)
[27-Oct-2024 23:43:33 Asia/Ho_Chi_Minh] PHP Fatal error:  Uncaught ErrorException: include(/Users/huy_vq/Documents/Backend_DATN/vendor/composer/../nunomaduro/collision/src/SolutionsRepositories/NullSolutionsRepository.php): Failed to open stream: No such file or directory in /Users/huy_vq/Documents/Backend_DATN/vendor/composer/ClassLoader.php:576
Stack trace:
#0 /Users/huy_vq/Documents/Backend_DATN/vendor/laravel/framework/src/Illuminate/Foundation/Bootstrap/HandleExceptions.php(255): Illuminate\Foundation\Bootstrap\HandleExceptions->handleError(2, 'include(/Users/...', '/Users/huy_vq/D...', 576)
#1 /Users/huy_vq/Documents/Backend_DATN/vendor/composer/ClassLoader.php(576): Illuminate\Foundation\Bootstrap\HandleExceptions->Illuminate\Foundation\Bootstrap\{closure}(2, 'include(/Users/...', '/Users/huy_vq/D...', 576)
#2 /Users/huy_vq/Documents/Backend_DATN/vendor/composer/ClassLoader.php(576): include('/Users/huy_vq/D...')
#3 /Users/huy_vq/Documents/Backend_DATN/vendor/composer/ClassLoader.php(427): Composer\Autoload\{closure}('/Users/huy_vq/D...')
#4 /Users/huy_vq/Documents/Backend_DATN/vendor/nunomaduro/collision/src/Adapters/Laravel/CollisionServiceProvider.php(51): Composer\Autoload\ClassLoader->loadClass('NunoMaduro\\Coll...')
#5 /Users/huy_vq/Documents/Backend_DATN/vendor/laravel/framework/src/Illuminate/Container/Container.php(908): NunoMaduro\Collision\Adapters\Laravel\CollisionServiceProvider->NunoMaduro\Collision\Adapters\Laravel\{closure}(Object(Illuminate\Foundation\Application), Array)
#6 /Users/huy_vq/Documents/Backend_DATN/vendor/laravel/framework/src/Illuminate/Container/Container.php(795): Illuminate\Container\Container->build(Object(Closure))
#7 /Users/huy_vq/Documents/Backend_DATN/vendor/laravel/framework/src/Illuminate/Foundation/Application.php(961): Illuminate\Container\Container->resolve('NunoMaduro\\Coll...', Array, true)
#8 /Users/huy_vq/Documents/Backend_DATN/vendor/laravel/framework/src/Illuminate/Container/Container.php(731): Illuminate\Foundation\Application->resolve('NunoMaduro\\Coll...', Array)
#9 /Users/huy_vq/Documents/Backend_DATN/vendor/laravel/framework/src/Illuminate/Foundation/Application.php(946): Illuminate\Container\Container->make('NunoMaduro\\Coll...', Array)
#10 /Users/huy_vq/Documents/Backend_DATN/vendor/nunomaduro/collision/src/Adapters/Laravel/ExceptionHandler.php(66): Illuminate\Foundation\Application->make('NunoMaduro\\Coll...')
#11 /Users/huy_vq/Documents/Backend_DATN/vendor/laravel/framework/src/Illuminate/Foundation/Bootstrap/HandleExceptions.php(207): NunoMaduro\Collision\Adapters\Laravel\ExceptionHandler->renderForConsole(Object(Symfony\Component\Console\Output\ConsoleOutput), Object(ErrorException))
#12 /Users/huy_vq/Documents/Backend_DATN/vendor/laravel/framework/src/Illuminate/Foundation/Bootstrap/HandleExceptions.php(189): Illuminate\Foundation\Bootstrap\HandleExceptions->renderForConsole(Object(ErrorException))
#13 /Users/huy_vq/Documents/Backend_DATN/vendor/laravel/framework/src/Illuminate/Foundation/Bootstrap/HandleExceptions.php(255): Illuminate\Foundation\Bootstrap\HandleExceptions->handleException(Object(ErrorException))
#14 [internal function]: Illuminate\Foundation\Bootstrap\HandleExceptions->Illuminate\Foundation\Bootstrap\{closure}(Object(ErrorException))
#15 {main}
  thrown in /Users/huy_vq/Documents/Backend_DATN/vendor/composer/ClassLoader.php on line 576
[27-Oct-2024 23:43:33 Asia/Ho_Chi_Minh] PHP Fatal error:  Uncaught ErrorException: include(/Users/huy_vq/Documents/Backend_DATN/vendor/composer/../symfony/error-handler/Error/FatalError.php): Failed to open stream: No such file or directory in /Users/huy_vq/Documents/Backend_DATN/vendor/composer/ClassLoader.php:576
Stack trace:
#0 /Users/huy_vq/Documents/Backend_DATN/vendor/laravel/framework/src/Illuminate/Foundation/Bootstrap/HandleExceptions.php(255): Illuminate\Foundation\Bootstrap\HandleExceptions->handleError(2, 'include(/Users/...', '/Users/huy_vq/D...', 576)
#1 /Users/huy_vq/Documents/Backend_DATN/vendor/composer/ClassLoader.php(576): Illuminate\Foundation\Bootstrap\HandleExceptions->Illuminate\Foundation\Bootstrap\{closure}(2, 'include(/Users/...', '/Users/huy_vq/D...', 576)
#2 /Users/huy_vq/Documents/Backend_DATN/vendor/composer/ClassLoader.php(576): include('/Users/huy_vq/D...')
#3 /Users/huy_vq/Documents/Backend_DATN/vendor/composer/ClassLoader.php(427): Composer\Autoload\{closure}('/Users/huy_vq/D...')
#4 /Users/huy_vq/Documents/Backend_DATN/vendor/laravel/framework/src/Illuminate/Foundation/Bootstrap/HandleExceptions.php(244): Composer\Autoload\ClassLoader->loadClass('Symfony\\Compone...')
#5 /Users/huy_vq/Documents/Backend_DATN/vendor/laravel/framework/src/Illuminate/Foundation/Bootstrap/HandleExceptions.php(231): Illuminate\Foundation\Bootstrap\HandleExceptions->fatalErrorFromPhpError(Array, 0)
#6 /Users/huy_vq/Documents/Backend_DATN/vendor/laravel/framework/src/Illuminate/Foundation/Bootstrap/HandleExceptions.php(255): Illuminate\Foundation\Bootstrap\HandleExceptions->handleShutdown()
#7 [internal function]: Illuminate\Foundation\Bootstrap\HandleExceptions->Illuminate\Foundation\Bootstrap\{closure}()
#8 {main}
  thrown in /Users/huy_vq/Documents/Backend_DATN/vendor/composer/ClassLoader.php on line 576
[30-Oct-2024 14:23:54 UTC] Xdebug: [Config] The setting 'xdebug.remote_enable' has been renamed, see the upgrading guide at https://xdebug.org/docs/upgrade_guide#changed-xdebug.remote_enable (See: https://xdebug.org/docs/errors#CFG-C-CHANGED)
[30-Oct-2024 14:41:47 UTC] Xdebug: [Config] The setting 'xdebug.remote_enable' has been renamed, see the upgrading guide at https://xdebug.org/docs/upgrade_guide#changed-xdebug.remote_enable (See: https://xdebug.org/docs/errors#CFG-C-CHANGED)
[31-Oct-2024 14:56:09 UTC] Xdebug: [Config] The setting 'xdebug.remote_enable' has been renamed, see the upgrading guide at https://xdebug.org/docs/upgrade_guide#changed-xdebug.remote_enable (See: https://xdebug.org/docs/errors#CFG-C-CHANGED)
[01-Nov-2024 13:46:07 UTC] Xdebug: [Config] The setting 'xdebug.remote_enable' has been renamed, see the upgrading guide at https://xdebug.org/docs/upgrade_guide#changed-xdebug.remote_enable (See: https://xdebug.org/docs/errors#CFG-C-CHANGED)
[02-Nov-2024 11:38:44 UTC] Xdebug: [Config] The setting 'xdebug.remote_enable' has been renamed, see the upgrading guide at https://xdebug.org/docs/upgrade_guide#changed-xdebug.remote_enable (See: https://xdebug.org/docs/errors#CFG-C-CHANGED)
[02-Nov-2024 11:39:12 UTC] Xdebug: [Config] The setting 'xdebug.remote_enable' has been renamed, see the upgrading guide at https://xdebug.org/docs/upgrade_guide#changed-xdebug.remote_enable (See: https://xdebug.org/docs/errors#CFG-C-CHANGED)
[02-Nov-2024 11:48:01 UTC] Xdebug: [Config] The setting 'xdebug.remote_enable' has been renamed, see the upgrading guide at https://xdebug.org/docs/upgrade_guide#changed-xdebug.remote_enable (See: https://xdebug.org/docs/errors#CFG-C-CHANGED)
[02-Nov-2024 11:48:06 UTC] Xdebug: [Config] The setting 'xdebug.remote_enable' has been renamed, see the upgrading guide at https://xdebug.org/docs/upgrade_guide#changed-xdebug.remote_enable (See: https://xdebug.org/docs/errors#CFG-C-CHANGED)
[02-Nov-2024 11:48:16 UTC] Xdebug: [Config] The setting 'xdebug.remote_enable' has been renamed, see the upgrading guide at https://xdebug.org/docs/upgrade_guide#changed-xdebug.remote_enable (See: https://xdebug.org/docs/errors#CFG-C-CHANGED)
[02-Nov-2024 13:22:28 UTC] Xdebug: [Config] The setting 'xdebug.remote_enable' has been renamed, see the upgrading guide at https://xdebug.org/docs/upgrade_guide#changed-xdebug.remote_enable (See: https://xdebug.org/docs/errors#CFG-C-CHANGED)
[02-Nov-2024 13:22:54 UTC] Xdebug: [Config] The setting 'xdebug.remote_enable' has been renamed, see the upgrading guide at https://xdebug.org/docs/upgrade_guide#changed-xdebug.remote_enable (See: https://xdebug.org/docs/errors#CFG-C-CHANGED)
[02-Nov-2024 13:23:54 UTC] Xdebug: [Config] The setting 'xdebug.remote_enable' has been renamed, see the upgrading guide at https://xdebug.org/docs/upgrade_guide#changed-xdebug.remote_enable (See: https://xdebug.org/docs/errors#CFG-C-CHANGED)
[02-Nov-2024 13:46:30 UTC] Xdebug: [Config] The setting 'xdebug.remote_enable' has been renamed, see the upgrading guide at https://xdebug.org/docs/upgrade_guide#changed-xdebug.remote_enable (See: https://xdebug.org/docs/errors#CFG-C-CHANGED)
[02-Nov-2024 14:19:38 UTC] Xdebug: [Config] The setting 'xdebug.remote_enable' has been renamed, see the upgrading guide at https://xdebug.org/docs/upgrade_guide#changed-xdebug.remote_enable (See: https://xdebug.org/docs/errors#CFG-C-CHANGED)
[02-Nov-2024 15:01:30 UTC] Xdebug: [Config] The setting 'xdebug.remote_enable' has been renamed, see the upgrading guide at https://xdebug.org/docs/upgrade_guide#changed-xdebug.remote_enable (See: https://xdebug.org/docs/errors#CFG-C-CHANGED)
[02-Nov-2024 15:04:39 UTC] Xdebug: [Config] The setting 'xdebug.remote_enable' has been renamed, see the upgrading guide at https://xdebug.org/docs/upgrade_guide#changed-xdebug.remote_enable (See: https://xdebug.org/docs/errors#CFG-C-CHANGED)
[02-Nov-2024 15:10:28 UTC] Xdebug: [Config] The setting 'xdebug.remote_enable' has been renamed, see the upgrading guide at https://xdebug.org/docs/upgrade_guide#changed-xdebug.remote_enable (See: https://xdebug.org/docs/errors#CFG-C-CHANGED)
[02-Nov-2024 15:44:55 UTC] Xdebug: [Config] The setting 'xdebug.remote_enable' has been renamed, see the upgrading guide at https://xdebug.org/docs/upgrade_guide#changed-xdebug.remote_enable (See: https://xdebug.org/docs/errors#CFG-C-CHANGED)
[06-Nov-2024 12:37:32 UTC] Xdebug: [Config] The setting 'xdebug.remote_enable' has been renamed, see the upgrading guide at https://xdebug.org/docs/upgrade_guide#changed-xdebug.remote_enable (See: https://xdebug.org/docs/errors#CFG-C-CHANGED)
[06-Nov-2024 14:38:33 UTC] Xdebug: [Config] The setting 'xdebug.remote_enable' has been renamed, see the upgrading guide at https://xdebug.org/docs/upgrade_guide#changed-xdebug.remote_enable (See: https://xdebug.org/docs/errors#CFG-C-CHANGED)
[13-Nov-2024 15:33:46 UTC] Xdebug: [Config] The setting 'xdebug.remote_enable' has been renamed, see the upgrading guide at https://xdebug.org/docs/upgrade_guide#changed-xdebug.remote_enable (See: https://xdebug.org/docs/errors#CFG-C-CHANGED)
[13-Nov-2024 15:33:53 UTC] Xdebug: [Config] The setting 'xdebug.remote_enable' has been renamed, see the upgrading guide at https://xdebug.org/docs/upgrade_guide#changed-xdebug.remote_enable (See: https://xdebug.org/docs/errors#CFG-C-CHANGED)
[13-Nov-2024 15:33:57 UTC] Xdebug: [Config] The setting 'xdebug.remote_enable' has been renamed, see the upgrading guide at https://xdebug.org/docs/upgrade_guide#changed-xdebug.remote_enable (See: https://xdebug.org/docs/errors#CFG-C-CHANGED)
[13-Nov-2024 15:35:02 UTC] Xdebug: [Config] The setting 'xdebug.remote_enable' has been renamed, see the upgrading guide at https://xdebug.org/docs/upgrade_guide#changed-xdebug.remote_enable (See: https://xdebug.org/docs/errors#CFG-C-CHANGED)
[13-Nov-2024 15:35:08 UTC] Xdebug: [Config] The setting 'xdebug.remote_enable' has been renamed, see the upgrading guide at https://xdebug.org/docs/upgrade_guide#changed-xdebug.remote_enable (See: https://xdebug.org/docs/errors#CFG-C-CHANGED)
[13-Nov-2024 15:36:24 UTC] Xdebug: [Config] The setting 'xdebug.remote_enable' has been renamed, see the upgrading guide at https://xdebug.org/docs/upgrade_guide#changed-xdebug.remote_enable (See: https://xdebug.org/docs/errors#CFG-C-CHANGED)
[13-Nov-2024 15:36:28 UTC] Xdebug: [Config] The setting 'xdebug.remote_enable' has been renamed, see the upgrading guide at https://xdebug.org/docs/upgrade_guide#changed-xdebug.remote_enable (See: https://xdebug.org/docs/errors#CFG-C-CHANGED)
[13-Nov-2024 15:38:21 UTC] Xdebug: [Config] The setting 'xdebug.remote_enable' has been renamed, see the upgrading guide at https://xdebug.org/docs/upgrade_guide#changed-xdebug.remote_enable (See: https://xdebug.org/docs/errors#CFG-C-CHANGED)
[13-Nov-2024 15:38:23 UTC] Xdebug: [Config] The setting 'xdebug.remote_enable' has been renamed, see the upgrading guide at https://xdebug.org/docs/upgrade_guide#changed-xdebug.remote_enable (See: https://xdebug.org/docs/errors#CFG-C-CHANGED)
[13-Nov-2024 15:41:06 UTC] Xdebug: [Config] The setting 'xdebug.remote_enable' has been renamed, see the upgrading guide at https://xdebug.org/docs/upgrade_guide#changed-xdebug.remote_enable (See: https://xdebug.org/docs/errors#CFG-C-CHANGED)
[13-Nov-2024 16:23:59 UTC] Xdebug: [Config] The setting 'xdebug.remote_enable' has been renamed, see the upgrading guide at https://xdebug.org/docs/upgrade_guide#changed-xdebug.remote_enable (See: https://xdebug.org/docs/errors#CFG-C-CHANGED)
[13-Nov-2024 16:23:59 UTC] Xdebug: [Config] The setting 'xdebug.remote_enable' has been renamed, see the upgrading guide at https://xdebug.org/docs/upgrade_guide#changed-xdebug.remote_enable (See: https://xdebug.org/docs/errors#CFG-C-CHANGED)
[13-Nov-2024 16:23:59 UTC] Xdebug: [Config] The setting 'xdebug.remote_host' has been renamed, see the upgrading guide at https://xdebug.org/docs/upgrade_guide#changed-xdebug.remote_host (See: https://xdebug.org/docs/errors#CFG-C-CHANGED)
[13-Nov-2024 16:23:59 UTC] Xdebug: [Config] The setting 'xdebug.remote_mode' has been renamed, see the upgrading guide at https://xdebug.org/docs/upgrade_guide#changed-xdebug.remote_mode (See: https://xdebug.org/docs/errors#CFG-C-CHANGED)
[13-Nov-2024 16:23:59 UTC] Xdebug: [Config] The setting 'xdebug.remote_port' has been renamed, see the upgrading guide at https://xdebug.org/docs/upgrade_guide#changed-xdebug.remote_port (See: https://xdebug.org/docs/errors#CFG-C-CHANGED)
[13-Nov-2024 16:25:00 UTC] Xdebug: [Config] The setting 'xdebug.remote_enable' has been renamed, see the upgrading guide at https://xdebug.org/docs/upgrade_guide#changed-xdebug.remote_enable (See: https://xdebug.org/docs/errors#CFG-C-CHANGED)
[13-Nov-2024 16:25:00 UTC] Xdebug: [Config] The setting 'xdebug.remote_host' has been renamed, see the upgrading guide at https://xdebug.org/docs/upgrade_guide#changed-xdebug.remote_host (See: https://xdebug.org/docs/errors#CFG-C-CHANGED)
[13-Nov-2024 16:25:00 UTC] Xdebug: [Config] The setting 'xdebug.remote_mode' has been renamed, see the upgrading guide at https://xdebug.org/docs/upgrade_guide#changed-xdebug.remote_mode (See: https://xdebug.org/docs/errors#CFG-C-CHANGED)
[13-Nov-2024 16:25:00 UTC] Xdebug: [Config] The setting 'xdebug.remote_port' has been renamed, see the upgrading guide at https://xdebug.org/docs/upgrade_guide#changed-xdebug.remote_port (See: https://xdebug.org/docs/errors#CFG-C-CHANGED)
[14-Nov-2024 17:12:23 UTC] Xdebug: [Config] The setting 'xdebug.remote_enable' has been renamed, see the upgrading guide at https://xdebug.org/docs/upgrade_guide#changed-xdebug.remote_enable (See: https://xdebug.org/docs/errors#CFG-C-CHANGED)
[15-Nov-2024 01:06:20 UTC] Xdebug: [Config] The setting 'xdebug.remote_enable' has been renamed, see the upgrading guide at https://xdebug.org/docs/upgrade_guide#changed-xdebug.remote_enable (See: https://xdebug.org/docs/errors#CFG-C-CHANGED)
[15-Nov-2024 17:03:43 UTC] Xdebug: [Config] The setting 'xdebug.remote_enable' has been renamed, see the upgrading guide at https://xdebug.org/docs/upgrade_guide#changed-xdebug.remote_enable (See: https://xdebug.org/docs/errors#CFG-C-CHANGED)
[15-Nov-2024 17:18:11 UTC] Xdebug: [Config] The setting 'xdebug.remote_enable' has been renamed, see the upgrading guide at https://xdebug.org/docs/upgrade_guide#changed-xdebug.remote_enable (See: https://xdebug.org/docs/errors#CFG-C-CHANGED)
[15-Nov-2024 17:18:17 UTC] Xdebug: [Config] The setting 'xdebug.remote_enable' has been renamed, see the upgrading guide at https://xdebug.org/docs/upgrade_guide#changed-xdebug.remote_enable (See: https://xdebug.org/docs/errors#CFG-C-CHANGED)
[16-Nov-2024 16:13:39 UTC] Xdebug: [Config] The setting 'xdebug.remote_enable' has been renamed, see the upgrading guide at https://xdebug.org/docs/upgrade_guide#changed-xdebug.remote_enable (See: https://xdebug.org/docs/errors#CFG-C-CHANGED)
[17-Nov-2024 03:50:09 UTC] Xdebug: [Config] The setting 'xdebug.remote_enable' has been renamed, see the upgrading guide at https://xdebug.org/docs/upgrade_guide#changed-xdebug.remote_enable (See: https://xdebug.org/docs/errors#CFG-C-CHANGED)
[17-Nov-2024 03:50:27 UTC] Xdebug: [Config] The setting 'xdebug.remote_enable' has been renamed, see the upgrading guide at https://xdebug.org/docs/upgrade_guide#changed-xdebug.remote_enable (See: https://xdebug.org/docs/errors#CFG-C-CHANGED)
[17-Nov-2024 03:53:27 UTC] Xdebug: [Config] The setting 'xdebug.remote_enable' has been renamed, see the upgrading guide at https://xdebug.org/docs/upgrade_guide#changed-xdebug.remote_enable (See: https://xdebug.org/docs/errors#CFG-C-CHANGED)
[17-Nov-2024 03:58:53 UTC] Xdebug: [Config] The setting 'xdebug.remote_enable' has been renamed, see the upgrading guide at https://xdebug.org/docs/upgrade_guide#changed-xdebug.remote_enable (See: https://xdebug.org/docs/errors#CFG-C-CHANGED)
[17-Nov-2024 03:59:02 UTC] Xdebug: [Config] The setting 'xdebug.remote_enable' has been renamed, see the upgrading guide at https://xdebug.org/docs/upgrade_guide#changed-xdebug.remote_enable (See: https://xdebug.org/docs/errors#CFG-C-CHANGED)
[17-Nov-2024 04:08:00 UTC] Xdebug: [Config] The setting 'xdebug.remote_enable' has been renamed, see the upgrading guide at https://xdebug.org/docs/upgrade_guide#changed-xdebug.remote_enable (See: https://xdebug.org/docs/errors#CFG-C-CHANGED)
[17-Nov-2024 04:08:57 UTC] Xdebug: [Config] The setting 'xdebug.remote_enable' has been renamed, see the upgrading guide at https://xdebug.org/docs/upgrade_guide#changed-xdebug.remote_enable (See: https://xdebug.org/docs/errors#CFG-C-CHANGED)
[17-Nov-2024 04:12:08 UTC] Xdebug: [Config] The setting 'xdebug.remote_enable' has been renamed, see the upgrading guide at https://xdebug.org/docs/upgrade_guide#changed-xdebug.remote_enable (See: https://xdebug.org/docs/errors#CFG-C-CHANGED)
[17-Nov-2024 04:38:01 UTC] Xdebug: [Config] The setting 'xdebug.remote_enable' has been renamed, see the upgrading guide at https://xdebug.org/docs/upgrade_guide#changed-xdebug.remote_enable (See: https://xdebug.org/docs/errors#CFG-C-CHANGED)
[17-Nov-2024 04:38:24 UTC] Xdebug: [Config] The setting 'xdebug.remote_enable' has been renamed, see the upgrading guide at https://xdebug.org/docs/upgrade_guide#changed-xdebug.remote_enable (See: https://xdebug.org/docs/errors#CFG-C-CHANGED)
[17-Nov-2024 07:31:41 UTC] Xdebug: [Config] The setting 'xdebug.remote_enable' has been renamed, see the upgrading guide at https://xdebug.org/docs/upgrade_guide#changed-xdebug.remote_enable (See: https://xdebug.org/docs/errors#CFG-C-CHANGED)
[17-Nov-2024 07:33:12 UTC] Xdebug: [Config] The setting 'xdebug.remote_enable' has been renamed, see the upgrading guide at https://xdebug.org/docs/upgrade_guide#changed-xdebug.remote_enable (See: https://xdebug.org/docs/errors#CFG-C-CHANGED)
[17-Nov-2024 07:33:12 UTC] Xdebug: [Config] The setting 'xdebug.remote_enable' has been renamed, see the upgrading guide at https://xdebug.org/docs/upgrade_guide#changed-xdebug.remote_enable (See: https://xdebug.org/docs/errors#CFG-C-CHANGED)
[17-Nov-2024 07:33:13 UTC] Xdebug: [Config] The setting 'xdebug.remote_enable' has been renamed, see the upgrading guide at https://xdebug.org/docs/upgrade_guide#changed-xdebug.remote_enable (See: https://xdebug.org/docs/errors#CFG-C-CHANGED)
[17-Nov-2024 07:33:18 UTC] Xdebug: [Config] The setting 'xdebug.remote_enable' has been renamed, see the upgrading guide at https://xdebug.org/docs/upgrade_guide#changed-xdebug.remote_enable (See: https://xdebug.org/docs/errors#CFG-C-CHANGED)
[17-Nov-2024 07:33:21 UTC] Xdebug: [Config] The setting 'xdebug.remote_enable' has been renamed, see the upgrading guide at https://xdebug.org/docs/upgrade_guide#changed-xdebug.remote_enable (See: https://xdebug.org/docs/errors#CFG-C-CHANGED)
[17-Nov-2024 07:33:29 UTC] Xdebug: [Config] The setting 'xdebug.remote_enable' has been renamed, see the upgrading guide at https://xdebug.org/docs/upgrade_guide#changed-xdebug.remote_enable (See: https://xdebug.org/docs/errors#CFG-C-CHANGED)
[17-Nov-2024 08:43:31 UTC] Xdebug: [Config] The setting 'xdebug.remote_enable' has been renamed, see the upgrading guide at https://xdebug.org/docs/upgrade_guide#changed-xdebug.remote_enable (See: https://xdebug.org/docs/errors#CFG-C-CHANGED)
[17-Nov-2024 08:57:39 UTC] Xdebug: [Config] The setting 'xdebug.remote_enable' has been renamed, see the upgrading guide at https://xdebug.org/docs/upgrade_guide#changed-xdebug.remote_enable (See: https://xdebug.org/docs/errors#CFG-C-CHANGED)
[17-Nov-2024 08:57:42 UTC] Xdebug: [Config] The setting 'xdebug.remote_enable' has been renamed, see the upgrading guide at https://xdebug.org/docs/upgrade_guide#changed-xdebug.remote_enable (See: https://xdebug.org/docs/errors#CFG-C-CHANGED)
[17-Nov-2024 08:57:49 UTC] Xdebug: [Config] The setting 'xdebug.remote_enable' has been renamed, see the upgrading guide at https://xdebug.org/docs/upgrade_guide#changed-xdebug.remote_enable (See: https://xdebug.org/docs/errors#CFG-C-CHANGED)
